<?xml version="1.0" encoding="UTF-8"?>
<testng-results skipped="0" failed="0" total="1" passed="1">
  <reporter-output>
  </reporter-output>
  <suite name="com.source.it.utils.GetClassNameTest" duration-ms="14" started-at="2017-06-24T12:04:05Z" finished-at="2017-06-24T12:04:05Z">
    <groups>
    </groups>
    <test name="Command line test" duration-ms="14" started-at="2017-06-24T12:04:05Z" finished-at="2017-06-24T12:04:05Z">
      <class name="com.source.it.utils.GetClassNameTest">
        <test-method status="PASS" signature="testGetClassName()[pri:0, instance:com.source.it.utils.GetClassNameTest@11531931]" name="testGetClassName" duration-ms="7" started-at="2017-06-24T15:04:05Z" finished-at="2017-06-24T15:04:05Z">
          <reporter-output>
          </reporter-output>
        </test-method> <!-- testGetClassName -->
      </class> <!-- com.source.it.utils.GetClassNameTest -->
    </test> <!-- Command line test -->
  </suite> <!-- com.source.it.utils.GetClassNameTest -->
</testng-results>
