<?xml version="1.0" encoding="UTF-8"?>
<!-- Generated by org.testng.reporters.JUnitXMLReporter -->
<testsuite hostname="kblyumkin2-wf.local" name="Command line test" tests="4" failures="3" timestamp="17 May 2017 18:22:24 GMT" time="0.03" errors="0">
  <testcase name="testGenerateSqlForItem" time="0.013" classname="com.source.it.utils.SqlGeneratorUtilsTest"/>
  <testcase name="testGenerateSqlForItemType" time="0.002" classname="com.source.it.utils.SqlGeneratorUtilsTest">
    <failure type="java.lang.AssertionError" message="expected [SELECT IT.ID, IT.NAME FROM ITEM_TYPES IT WHERE IT.ID=?] but found [SELECT T.ID, T.NAME FROM TYPES T WHERE T.ID=?]">
      <![CDATA[java.lang.AssertionError: expected [SELECT IT.ID, IT.NAME FROM ITEM_TYPES IT WHERE IT.ID=?] but found [SELECT T.ID, T.NAME FROM TYPES T WHERE T.ID=?]
	at com.source.it.utils.SqlGeneratorUtilsTest.testGenerateSqlForItemType(SqlGeneratorUtilsTest.java:23)
... Removed 38 stack frames]]>
    </failure>
  </testcase> <!-- testGenerateSqlForItemType -->
  <testcase name="testGenerateSqlForUser" time="0.001" classname="com.source.it.utils.SqlGeneratorUtilsTest">
    <failure type="java.lang.AssertionError" message="expected [SELECT U.ID, U.NAME, U.LASTNAME, U.LOGIN, U.PASSWORD, U.EMAIL, U.USER_ROLE_ID, UR.ROLE FROM USERS U JOIN USER_ROLES UR ON U.USER_ROLE_ID=UR.ID WHERE U.ID=?] but found [SELECT U.ID, U.NAME, U.LASTNAME, U.LOGIN, U.PASSWORD, U.EMAIL, U.USER_ROLE_ID, R.ROLE FROM USERS U JOIN ROLES R ON U.USER_ROLE_ID=R.ID WHERE U.ID=?]">
      <![CDATA[java.lang.AssertionError: expected [SELECT U.ID, U.NAME, U.LASTNAME, U.LOGIN, U.PASSWORD, U.EMAIL, U.USER_ROLE_ID, UR.ROLE FROM USERS U JOIN USER_ROLES UR ON U.USER_ROLE_ID=UR.ID WHERE U.ID=?] but found [SELECT U.ID, U.NAME, U.LASTNAME, U.LOGIN, U.PASSWORD, U.EMAIL, U.USER_ROLE_ID, R.ROLE FROM USERS U JOIN ROLES R ON U.USER_ROLE_ID=R.ID WHERE U.ID=?]
	at com.source.it.utils.SqlGeneratorUtilsTest.testGenerateSqlForUser(SqlGeneratorUtilsTest.java:60)
... Removed 38 stack frames]]>
    </failure>
  </testcase> <!-- testGenerateSqlForUser -->
  <testcase name="testGenerateSqlForWarrantyPeriod" time="0.0" classname="com.source.it.utils.SqlGeneratorUtilsTest">
    <failure type="java.lang.AssertionError" message="expected [SELECT WP.ID, WP.DAYS, WP.NAME FROM WARRANTY_PERIODS WP WHERE WP.ID=?] but found [SELECT P.ID, P.DAYS, P.NAME FROM PERIODS P WHERE P.ID=?]">
      <![CDATA[java.lang.AssertionError: expected [SELECT WP.ID, WP.DAYS, WP.NAME FROM WARRANTY_PERIODS WP WHERE WP.ID=?] but found [SELECT P.ID, P.DAYS, P.NAME FROM PERIODS P WHERE P.ID=?]
	at com.source.it.utils.SqlGeneratorUtilsTest.testGenerateSqlForWarrantyPeriod(SqlGeneratorUtilsTest.java:37)
... Removed 38 stack frames]]>
    </failure>
  </testcase> <!-- testGenerateSqlForWarrantyPeriod -->
</testsuite> <!-- Command line test -->
