<html>
<head>
<title>TestNG:  GenericDaoImpl(User/UserRole/Item/Order) + UserManager tests</title>
<link href="../testng.css" rel="stylesheet" type="text/css" />
<link href="../my-testng.css" rel="stylesheet" type="text/css" />

<style type="text/css">
.log { display: none;} 
.stack-trace { display: none;} 
</style>
<script type="text/javascript">
<!--
function flip(e) {
  current = e.style.display;
  if (current == 'block') {
    e.style.display = 'none';
    return 0;
  }
  else {
    e.style.display = 'block';
    return 1;
  }
}

function toggleBox(szDivId, elem, msg1, msg2)
{
  var res = -1;  if (document.getElementById) {
    res = flip(document.getElementById(szDivId));
  }
  else if (document.all) {
    // this is the way old msie versions work
    res = flip(document.all[szDivId]);
  }
  if(elem) {
    if(res == 0) elem.innerHTML = msg1; else elem.innerHTML = msg2;
  }

}

function toggleAllBoxes() {
  if (document.getElementsByTagName) {
    d = document.getElementsByTagName('div');
    for (i = 0; i < d.length; i++) {
      if (d[i].className == 'log') {
        flip(d[i]);
      }
    }
  }
}

// -->
</script>

</head>
<body>
<h2 align='center'>GenericDaoImpl(User/UserRole/Item/Order) + UserManager tests</h2><table border='1' align="center">
<tr>
<td>Tests passed/Failed/Skipped:</td><td>21/0/0</td>
</tr><tr>
<td>Started on:</td><td>Wed Jun 28 20:31:06 EEST 2017</td>
</tr>
<tr><td>Total time:</td><td>0 seconds (733 ms)</td>
</tr><tr>
<td>Included groups:</td><td></td>
</tr><tr>
<td>Excluded groups:</td><td></td>
</tr>
</table><p/>
<small><i>(Hover the method name to see the test class name)</i></small><p/>
<table width='100%' border='1' class='invocation-passed'>
<tr><td colspan='4' align='center'><b>PASSED TESTS</b></td></tr>
<tr><td><b>Test method</b></td>
<td width="30%"><b>Exception</b></td>
<td width="10%"><b>Time (seconds)</b></td>
<td><b>Instance</b></td>
</tr>
<tr>
<td title='com.source.it.jdbc.dao.GenericDaoImplItemTest.testCreateItem()'><b>testCreateItem</b><br>Test class: com.source.it.jdbc.dao.GenericDaoImplItemTest</td>
<td></td>
<td>0</td>
<td>com.source.it.jdbc.dao.GenericDaoImplItemTest@49fc609f</td></tr>
<tr>
<td title='com.source.it.jdbc.dao.GenericDaoImplOrderTest.testCreateOrder()'><b>testCreateOrder</b><br>Test class: com.source.it.jdbc.dao.GenericDaoImplOrderTest</td>
<td></td>
<td>0</td>
<td>com.source.it.jdbc.dao.GenericDaoImplOrderTest@cd2dae5</td></tr>
<tr>
<td title='com.source.it.jdbc.dao.GenericDaoImplItemTest.testDeleteItem()'><b>testDeleteItem</b><br>Test class: com.source.it.jdbc.dao.GenericDaoImplItemTest</td>
<td><div><pre>com.source.it.jdbc.exceptions.GenericDaoException: Error reading item from data base - no items were found with id = 1
	at com.source.it.jdbc.dao.GenericDaoImpl.read(GenericDaoImpl.java:87)
	at com.source.it.jdbc.dao.GenericDaoImplItemTest.testDeleteItem(GenericDaoImplItemTest.java:103)
	at org.springframework.test.context.testng.AbstractTestNGSpringContextTests.run(AbstractTestNGSpringContextTests.java:175)
... Removed 29 stack frames</pre></div><a href='#' onClick='toggleBox("stack-trace859654796", this, "Click to show all stack frames", "Click to hide stack frames")'>Click to show all stack frames</a>
<div class='stack-trace' id='stack-trace859654796'><pre>com.source.it.jdbc.exceptions.GenericDaoException: Error reading item from data base - no items were found with id = 1
	at com.source.it.jdbc.dao.GenericDaoImpl.read(GenericDaoImpl.java:87)
	at com.source.it.jdbc.dao.GenericDaoImplItemTest.testDeleteItem(GenericDaoImplItemTest.java:103)
	at sun.reflect.NativeMethodAccessorImpl.invoke0(Native Method)
	at sun.reflect.NativeMethodAccessorImpl.invoke(NativeMethodAccessorImpl.java:62)
	at sun.reflect.DelegatingMethodAccessorImpl.invoke(DelegatingMethodAccessorImpl.java:43)
	at java.lang.reflect.Method.invoke(Method.java:498)
	at org.testng.internal.MethodInvocationHelper.invokeMethod(MethodInvocationHelper.java:85)
	at org.testng.internal.MethodInvocationHelper$1.runTestMethod(MethodInvocationHelper.java:196)
	at org.springframework.test.context.testng.AbstractTestNGSpringContextTests.run(AbstractTestNGSpringContextTests.java:175)
	at org.testng.internal.MethodInvocationHelper.invokeHookable(MethodInvocationHelper.java:208)
	at org.testng.internal.Invoker.invokeMethod(Invoker.java:635)
	at org.testng.internal.Invoker.invokeTestMethod(Invoker.java:816)
	at org.testng.internal.Invoker.invokeTestMethods(Invoker.java:1124)
	at org.testng.internal.TestMethodWorker.invokeTestMethods(TestMethodWorker.java:125)
	at org.testng.internal.TestMethodWorker.run(TestMethodWorker.java:108)
	at org.testng.TestRunner.privateRun(TestRunner.java:774)
	at org.testng.TestRunner.run(TestRunner.java:624)
	at org.testng.SuiteRunner.runTest(SuiteRunner.java:359)
	at org.testng.SuiteRunner.runSequentially(SuiteRunner.java:354)
	at org.testng.SuiteRunner.privateRun(SuiteRunner.java:312)
	at org.testng.SuiteRunner.run(SuiteRunner.java:261)
	at org.testng.SuiteRunnerWorker.runSuite(SuiteRunnerWorker.java:52)
	at org.testng.SuiteRunnerWorker.run(SuiteRunnerWorker.java:86)
	at org.testng.TestNG.runSuitesSequentially(TestNG.java:1215)
	at org.testng.TestNG.runSuitesLocally(TestNG.java:1140)
	at org.testng.TestNG.run(TestNG.java:1048)
	at org.apache.maven.surefire.testng.TestNGExecutor.run(TestNGExecutor.java:293)
	at org.apache.maven.surefire.testng.TestNGXmlTestSuite.execute(TestNGXmlTestSuite.java:84)
	at org.apache.maven.surefire.testng.TestNGProvider.invoke(TestNGProvider.java:91)
	at org.apache.maven.surefire.booter.ForkedBooter.invokeProviderInSameClassLoader(ForkedBooter.java:200)
	at org.apache.maven.surefire.booter.ForkedBooter.runSuitesInProcess(ForkedBooter.java:153)
	at org.apache.maven.surefire.booter.ForkedBooter.main(ForkedBooter.java:103)
</pre></div></td>
<td>0</td>
<td>com.source.it.jdbc.dao.GenericDaoImplItemTest@49fc609f</td></tr>
<tr>
<td title='com.source.it.jdbc.dao.GenericDaoImplOrderTest.testDeleteItem()'><b>testDeleteItem</b><br>Test class: com.source.it.jdbc.dao.GenericDaoImplOrderTest</td>
<td><div><pre>com.source.it.jdbc.exceptions.GenericDaoException: Error reading order from data base - no orders were found with id = 1
	at com.source.it.jdbc.dao.GenericDaoImpl.read(GenericDaoImpl.java:87)
	at com.source.it.jdbc.dao.GenericDaoImplOrderTest.testDeleteItem(GenericDaoImplOrderTest.java:120)
	at org.springframework.test.context.testng.AbstractTestNGSpringContextTests.run(AbstractTestNGSpringContextTests.java:175)
... Removed 29 stack frames</pre></div><a href='#' onClick='toggleBox("stack-trace1147805316", this, "Click to show all stack frames", "Click to hide stack frames")'>Click to show all stack frames</a>
<div class='stack-trace' id='stack-trace1147805316'><pre>com.source.it.jdbc.exceptions.GenericDaoException: Error reading order from data base - no orders were found with id = 1
	at com.source.it.jdbc.dao.GenericDaoImpl.read(GenericDaoImpl.java:87)
	at com.source.it.jdbc.dao.GenericDaoImplOrderTest.testDeleteItem(GenericDaoImplOrderTest.java:120)
	at sun.reflect.NativeMethodAccessorImpl.invoke0(Native Method)
	at sun.reflect.NativeMethodAccessorImpl.invoke(NativeMethodAccessorImpl.java:62)
	at sun.reflect.DelegatingMethodAccessorImpl.invoke(DelegatingMethodAccessorImpl.java:43)
	at java.lang.reflect.Method.invoke(Method.java:498)
	at org.testng.internal.MethodInvocationHelper.invokeMethod(MethodInvocationHelper.java:85)
	at org.testng.internal.MethodInvocationHelper$1.runTestMethod(MethodInvocationHelper.java:196)
	at org.springframework.test.context.testng.AbstractTestNGSpringContextTests.run(AbstractTestNGSpringContextTests.java:175)
	at org.testng.internal.MethodInvocationHelper.invokeHookable(MethodInvocationHelper.java:208)
	at org.testng.internal.Invoker.invokeMethod(Invoker.java:635)
	at org.testng.internal.Invoker.invokeTestMethod(Invoker.java:816)
	at org.testng.internal.Invoker.invokeTestMethods(Invoker.java:1124)
	at org.testng.internal.TestMethodWorker.invokeTestMethods(TestMethodWorker.java:125)
	at org.testng.internal.TestMethodWorker.run(TestMethodWorker.java:108)
	at org.testng.TestRunner.privateRun(TestRunner.java:774)
	at org.testng.TestRunner.run(TestRunner.java:624)
	at org.testng.SuiteRunner.runTest(SuiteRunner.java:359)
	at org.testng.SuiteRunner.runSequentially(SuiteRunner.java:354)
	at org.testng.SuiteRunner.privateRun(SuiteRunner.java:312)
	at org.testng.SuiteRunner.run(SuiteRunner.java:261)
	at org.testng.SuiteRunnerWorker.runSuite(SuiteRunnerWorker.java:52)
	at org.testng.SuiteRunnerWorker.run(SuiteRunnerWorker.java:86)
	at org.testng.TestNG.runSuitesSequentially(TestNG.java:1215)
	at org.testng.TestNG.runSuitesLocally(TestNG.java:1140)
	at org.testng.TestNG.run(TestNG.java:1048)
	at org.apache.maven.surefire.testng.TestNGExecutor.run(TestNGExecutor.java:293)
	at org.apache.maven.surefire.testng.TestNGXmlTestSuite.execute(TestNGXmlTestSuite.java:84)
	at org.apache.maven.surefire.testng.TestNGProvider.invoke(TestNGProvider.java:91)
	at org.apache.maven.surefire.booter.ForkedBooter.invokeProviderInSameClassLoader(ForkedBooter.java:200)
	at org.apache.maven.surefire.booter.ForkedBooter.runSuitesInProcess(ForkedBooter.java:153)
	at org.apache.maven.surefire.booter.ForkedBooter.main(ForkedBooter.java:103)
</pre></div></td>
<td>0</td>
<td>com.source.it.jdbc.dao.GenericDaoImplOrderTest@cd2dae5</td></tr>
<tr>
<td title='com.source.it.jdbc.dao.GenericDaoImplTest.testDeleteUser()'><b>testDeleteUser</b><br>Test class: com.source.it.jdbc.dao.GenericDaoImplTest</td>
<td><div><pre>com.source.it.jdbc.exceptions.GenericDaoException: Error reading user from data base - no users were found with id = 1
	at com.source.it.jdbc.dao.GenericDaoImpl.read(GenericDaoImpl.java:87)
	at com.source.it.jdbc.dao.GenericDaoImplTest.testDeleteUser(GenericDaoImplTest.java:108)
	at org.springframework.test.context.testng.AbstractTestNGSpringContextTests.run(AbstractTestNGSpringContextTests.java:175)
... Removed 29 stack frames</pre></div><a href='#' onClick='toggleBox("stack-trace1399794302", this, "Click to show all stack frames", "Click to hide stack frames")'>Click to show all stack frames</a>
<div class='stack-trace' id='stack-trace1399794302'><pre>com.source.it.jdbc.exceptions.GenericDaoException: Error reading user from data base - no users were found with id = 1
	at com.source.it.jdbc.dao.GenericDaoImpl.read(GenericDaoImpl.java:87)
	at com.source.it.jdbc.dao.GenericDaoImplTest.testDeleteUser(GenericDaoImplTest.java:108)
	at sun.reflect.NativeMethodAccessorImpl.invoke0(Native Method)
	at sun.reflect.NativeMethodAccessorImpl.invoke(NativeMethodAccessorImpl.java:62)
	at sun.reflect.DelegatingMethodAccessorImpl.invoke(DelegatingMethodAccessorImpl.java:43)
	at java.lang.reflect.Method.invoke(Method.java:498)
	at org.testng.internal.MethodInvocationHelper.invokeMethod(MethodInvocationHelper.java:85)
	at org.testng.internal.MethodInvocationHelper$1.runTestMethod(MethodInvocationHelper.java:196)
	at org.springframework.test.context.testng.AbstractTestNGSpringContextTests.run(AbstractTestNGSpringContextTests.java:175)
	at org.testng.internal.MethodInvocationHelper.invokeHookable(MethodInvocationHelper.java:208)
	at org.testng.internal.Invoker.invokeMethod(Invoker.java:635)
	at org.testng.internal.Invoker.invokeTestMethod(Invoker.java:816)
	at org.testng.internal.Invoker.invokeTestMethods(Invoker.java:1124)
	at org.testng.internal.TestMethodWorker.invokeTestMethods(TestMethodWorker.java:125)
	at org.testng.internal.TestMethodWorker.run(TestMethodWorker.java:108)
	at org.testng.TestRunner.privateRun(TestRunner.java:774)
	at org.testng.TestRunner.run(TestRunner.java:624)
	at org.testng.SuiteRunner.runTest(SuiteRunner.java:359)
	at org.testng.SuiteRunner.runSequentially(SuiteRunner.java:354)
	at org.testng.SuiteRunner.privateRun(SuiteRunner.java:312)
	at org.testng.SuiteRunner.run(SuiteRunner.java:261)
	at org.testng.SuiteRunnerWorker.runSuite(SuiteRunnerWorker.java:52)
	at org.testng.SuiteRunnerWorker.run(SuiteRunnerWorker.java:86)
	at org.testng.TestNG.runSuitesSequentially(TestNG.java:1215)
	at org.testng.TestNG.runSuitesLocally(TestNG.java:1140)
	at org.testng.TestNG.run(TestNG.java:1048)
	at org.apache.maven.surefire.testng.TestNGExecutor.run(TestNGExecutor.java:293)
	at org.apache.maven.surefire.testng.TestNGXmlTestSuite.execute(TestNGXmlTestSuite.java:84)
	at org.apache.maven.surefire.testng.TestNGProvider.invoke(TestNGProvider.java:91)
	at org.apache.maven.surefire.booter.ForkedBooter.invokeProviderInSameClassLoader(ForkedBooter.java:200)
	at org.apache.maven.surefire.booter.ForkedBooter.runSuitesInProcess(ForkedBooter.java:153)
	at org.apache.maven.surefire.booter.ForkedBooter.main(ForkedBooter.java:103)
</pre></div></td>
<td>0</td>
<td>com.source.it.jdbc.dao.GenericDaoImplTest@3cef309d</td></tr>
<tr>
<td title='com.source.it.utils.SqlGeneratorUtilsTest.testGenerateCreateSqlForUser()'><b>testGenerateCreateSqlForUser</b><br>Test class: com.source.it.utils.SqlGeneratorUtilsTest</td>
<td></td>
<td>0</td>
<td>com.source.it.utils.SqlGeneratorUtilsTest@3d99d22e</td></tr>
<tr>
<td title='com.source.it.utils.SqlGeneratorUtilsTest.testGenerateDeleteSqlForUser()'><b>testGenerateDeleteSqlForUser</b><br>Test class: com.source.it.utils.SqlGeneratorUtilsTest</td>
<td></td>
<td>0</td>
<td>com.source.it.utils.SqlGeneratorUtilsTest@3d99d22e</td></tr>
<tr>
<td title='com.source.it.utils.SqlGeneratorUtilsTest.testGenerateSelectSqlForItem()'><b>testGenerateSelectSqlForItem</b><br>Test class: com.source.it.utils.SqlGeneratorUtilsTest</td>
<td></td>
<td>0</td>
<td>com.source.it.utils.SqlGeneratorUtilsTest@3d99d22e</td></tr>
<tr>
<td title='com.source.it.utils.SqlGeneratorUtilsTest.testGenerateSelectSqlForItemType()'><b>testGenerateSelectSqlForItemType</b><br>Test class: com.source.it.utils.SqlGeneratorUtilsTest</td>
<td></td>
<td>0</td>
<td>com.source.it.utils.SqlGeneratorUtilsTest@3d99d22e</td></tr>
<tr>
<td title='com.source.it.utils.SqlGeneratorUtilsTest.testGenerateSelectSqlForUser()'><b>testGenerateSelectSqlForUser</b><br>Test class: com.source.it.utils.SqlGeneratorUtilsTest</td>
<td></td>
<td>0</td>
<td>com.source.it.utils.SqlGeneratorUtilsTest@3d99d22e</td></tr>
<tr>
<td title='com.source.it.utils.SqlGeneratorUtilsTest.testGenerateSelectSqlForWarrantyPeriod()'><b>testGenerateSelectSqlForWarrantyPeriod</b><br>Test class: com.source.it.utils.SqlGeneratorUtilsTest</td>
<td></td>
<td>0</td>
<td>com.source.it.utils.SqlGeneratorUtilsTest@3d99d22e</td></tr>
<tr>
<td title='com.source.it.utils.SqlGeneratorUtilsTest.testGenerateUserUpdateSql()'><b>testGenerateUserUpdateSql</b><br>Test class: com.source.it.utils.SqlGeneratorUtilsTest</td>
<td></td>
<td>0</td>
<td>com.source.it.utils.SqlGeneratorUtilsTest@3d99d22e</td></tr>
<tr>
<td title='com.source.it.jdbc.manager.UserDaoManagerTest.testGetUserByLogin()'><b>testGetUserByLogin</b><br>Test class: com.source.it.jdbc.manager.UserDaoManagerTest</td>
<td></td>
<td>0</td>
<td>com.source.it.jdbc.manager.UserDaoManagerTest@32709393</td></tr>
<tr>
<td title='com.source.it.jdbc.manager.UserDaoManagerTest.testGetUserByLoginForUnexistingUser()'><b>testGetUserByLoginForUnexistingUser</b><br>Test class: com.source.it.jdbc.manager.UserDaoManagerTest</td>
<td><div><pre>com.source.it.jdbc.exceptions.GenericDaoException: Error reading  user from DB - no user was found with login = Some unexisting login
	at com.source.it.jdbc.manager.UserManager.getUserByLogin(UserManager.java:41)
	at com.source.it.jdbc.manager.UserDaoManagerTest.testGetUserByLoginForUnexistingUser(UserDaoManagerTest.java:67)
	at org.springframework.test.context.testng.AbstractTestNGSpringContextTests.run(AbstractTestNGSpringContextTests.java:175)
... Removed 29 stack frames</pre></div><a href='#' onClick='toggleBox("stack-trace1823541245", this, "Click to show all stack frames", "Click to hide stack frames")'>Click to show all stack frames</a>
<div class='stack-trace' id='stack-trace1823541245'><pre>com.source.it.jdbc.exceptions.GenericDaoException: Error reading  user from DB - no user was found with login = Some unexisting login
	at com.source.it.jdbc.manager.UserManager.getUserByLogin(UserManager.java:41)
	at com.source.it.jdbc.manager.UserDaoManagerTest.testGetUserByLoginForUnexistingUser(UserDaoManagerTest.java:67)
	at sun.reflect.NativeMethodAccessorImpl.invoke0(Native Method)
	at sun.reflect.NativeMethodAccessorImpl.invoke(NativeMethodAccessorImpl.java:62)
	at sun.reflect.DelegatingMethodAccessorImpl.invoke(DelegatingMethodAccessorImpl.java:43)
	at java.lang.reflect.Method.invoke(Method.java:498)
	at org.testng.internal.MethodInvocationHelper.invokeMethod(MethodInvocationHelper.java:85)
	at org.testng.internal.MethodInvocationHelper$1.runTestMethod(MethodInvocationHelper.java:196)
	at org.springframework.test.context.testng.AbstractTestNGSpringContextTests.run(AbstractTestNGSpringContextTests.java:175)
	at org.testng.internal.MethodInvocationHelper.invokeHookable(MethodInvocationHelper.java:208)
	at org.testng.internal.Invoker.invokeMethod(Invoker.java:635)
	at org.testng.internal.Invoker.invokeTestMethod(Invoker.java:816)
	at org.testng.internal.Invoker.invokeTestMethods(Invoker.java:1124)
	at org.testng.internal.TestMethodWorker.invokeTestMethods(TestMethodWorker.java:125)
	at org.testng.internal.TestMethodWorker.run(TestMethodWorker.java:108)
	at org.testng.TestRunner.privateRun(TestRunner.java:774)
	at org.testng.TestRunner.run(TestRunner.java:624)
	at org.testng.SuiteRunner.runTest(SuiteRunner.java:359)
	at org.testng.SuiteRunner.runSequentially(SuiteRunner.java:354)
	at org.testng.SuiteRunner.privateRun(SuiteRunner.java:312)
	at org.testng.SuiteRunner.run(SuiteRunner.java:261)
	at org.testng.SuiteRunnerWorker.runSuite(SuiteRunnerWorker.java:52)
	at org.testng.SuiteRunnerWorker.run(SuiteRunnerWorker.java:86)
	at org.testng.TestNG.runSuitesSequentially(TestNG.java:1215)
	at org.testng.TestNG.runSuitesLocally(TestNG.java:1140)
	at org.testng.TestNG.run(TestNG.java:1048)
	at org.apache.maven.surefire.testng.TestNGExecutor.run(TestNGExecutor.java:293)
	at org.apache.maven.surefire.testng.TestNGXmlTestSuite.execute(TestNGXmlTestSuite.java:84)
	at org.apache.maven.surefire.testng.TestNGProvider.invoke(TestNGProvider.java:91)
	at org.apache.maven.surefire.booter.ForkedBooter.invokeProviderInSameClassLoader(ForkedBooter.java:200)
	at org.apache.maven.surefire.booter.ForkedBooter.runSuitesInProcess(ForkedBooter.java:153)
	at org.apache.maven.surefire.booter.ForkedBooter.main(ForkedBooter.java:103)
</pre></div></td>
<td>0</td>
<td>com.source.it.jdbc.manager.UserDaoManagerTest@32709393</td></tr>
<tr>
<td title='com.source.it.jdbc.dao.GenericDaoImplItemTest.testReadExistingItem()'><b>testReadExistingItem</b><br>Test class: com.source.it.jdbc.dao.GenericDaoImplItemTest</td>
<td></td>
<td>0</td>
<td>com.source.it.jdbc.dao.GenericDaoImplItemTest@49fc609f</td></tr>
<tr>
<td title='com.source.it.jdbc.dao.GenericDaoImplTest.testReadExistingUser()'><b>testReadExistingUser</b><br>Test class: com.source.it.jdbc.dao.GenericDaoImplTest</td>
<td></td>
<td>0</td>
<td>com.source.it.jdbc.dao.GenericDaoImplTest@3cef309d</td></tr>
<tr>
<td title='com.source.it.jdbc.dao.GenericDaoImplTest.testReadUnexistingUser()'><b>testReadUnexistingUser</b><br>Test class: com.source.it.jdbc.dao.GenericDaoImplTest</td>
<td><div><pre>com.source.it.jdbc.exceptions.GenericDaoException: Error reading user from data base - no users were found with id = 1
	at com.source.it.jdbc.dao.GenericDaoImpl.read(GenericDaoImpl.java:87)
	at com.source.it.jdbc.dao.GenericDaoImplTest.testReadUnexistingUser(GenericDaoImplTest.java:53)
	at org.springframework.test.context.testng.AbstractTestNGSpringContextTests.run(AbstractTestNGSpringContextTests.java:175)
... Removed 29 stack frames</pre></div><a href='#' onClick='toggleBox("stack-trace808228639", this, "Click to show all stack frames", "Click to hide stack frames")'>Click to show all stack frames</a>
<div class='stack-trace' id='stack-trace808228639'><pre>com.source.it.jdbc.exceptions.GenericDaoException: Error reading user from data base - no users were found with id = 1
	at com.source.it.jdbc.dao.GenericDaoImpl.read(GenericDaoImpl.java:87)
	at com.source.it.jdbc.dao.GenericDaoImplTest.testReadUnexistingUser(GenericDaoImplTest.java:53)
	at sun.reflect.NativeMethodAccessorImpl.invoke0(Native Method)
	at sun.reflect.NativeMethodAccessorImpl.invoke(NativeMethodAccessorImpl.java:62)
	at sun.reflect.DelegatingMethodAccessorImpl.invoke(DelegatingMethodAccessorImpl.java:43)
	at java.lang.reflect.Method.invoke(Method.java:498)
	at org.testng.internal.MethodInvocationHelper.invokeMethod(MethodInvocationHelper.java:85)
	at org.testng.internal.MethodInvocationHelper$1.runTestMethod(MethodInvocationHelper.java:196)
	at org.springframework.test.context.testng.AbstractTestNGSpringContextTests.run(AbstractTestNGSpringContextTests.java:175)
	at org.testng.internal.MethodInvocationHelper.invokeHookable(MethodInvocationHelper.java:208)
	at org.testng.internal.Invoker.invokeMethod(Invoker.java:635)
	at org.testng.internal.Invoker.invokeTestMethod(Invoker.java:816)
	at org.testng.internal.Invoker.invokeTestMethods(Invoker.java:1124)
	at org.testng.internal.TestMethodWorker.invokeTestMethods(TestMethodWorker.java:125)
	at org.testng.internal.TestMethodWorker.run(TestMethodWorker.java:108)
	at org.testng.TestRunner.privateRun(TestRunner.java:774)
	at org.testng.TestRunner.run(TestRunner.java:624)
	at org.testng.SuiteRunner.runTest(SuiteRunner.java:359)
	at org.testng.SuiteRunner.runSequentially(SuiteRunner.java:354)
	at org.testng.SuiteRunner.privateRun(SuiteRunner.java:312)
	at org.testng.SuiteRunner.run(SuiteRunner.java:261)
	at org.testng.SuiteRunnerWorker.runSuite(SuiteRunnerWorker.java:52)
	at org.testng.SuiteRunnerWorker.run(SuiteRunnerWorker.java:86)
	at org.testng.TestNG.runSuitesSequentially(TestNG.java:1215)
	at org.testng.TestNG.runSuitesLocally(TestNG.java:1140)
	at org.testng.TestNG.run(TestNG.java:1048)
	at org.apache.maven.surefire.testng.TestNGExecutor.run(TestNGExecutor.java:293)
	at org.apache.maven.surefire.testng.TestNGXmlTestSuite.execute(TestNGXmlTestSuite.java:84)
	at org.apache.maven.surefire.testng.TestNGProvider.invoke(TestNGProvider.java:91)
	at org.apache.maven.surefire.booter.ForkedBooter.invokeProviderInSameClassLoader(ForkedBooter.java:200)
	at org.apache.maven.surefire.booter.ForkedBooter.runSuitesInProcess(ForkedBooter.java:153)
	at org.apache.maven.surefire.booter.ForkedBooter.main(ForkedBooter.java:103)
</pre></div></td>
<td>0</td>
<td>com.source.it.jdbc.dao.GenericDaoImplTest@3cef309d</td></tr>
<tr>
<td title='com.source.it.jdbc.dao.GenericDaoImplItemTest.testUpdateItem()'><b>testUpdateItem</b><br>Test class: com.source.it.jdbc.dao.GenericDaoImplItemTest</td>
<td></td>
<td>0</td>
<td>com.source.it.jdbc.dao.GenericDaoImplItemTest@49fc609f</td></tr>
<tr>
<td title='com.source.it.jdbc.dao.GenericDaoImplOrderTest.testUpdateOrder()'><b>testUpdateOrder</b><br>Test class: com.source.it.jdbc.dao.GenericDaoImplOrderTest</td>
<td></td>
<td>0</td>
<td>com.source.it.jdbc.dao.GenericDaoImplOrderTest@cd2dae5</td></tr>
<tr>
<td title='com.source.it.jdbc.dao.GenericDaoImplTest.testUpdateUser()'><b>testUpdateUser</b><br>Test class: com.source.it.jdbc.dao.GenericDaoImplTest</td>
<td></td>
<td>0</td>
<td>com.source.it.jdbc.dao.GenericDaoImplTest@3cef309d</td></tr>
<tr>
<td title='com.source.it.jdbc.dao.GenericDaoImplTest.testWriteNewUser()'><b>testWriteNewUser</b><br>Test class: com.source.it.jdbc.dao.GenericDaoImplTest</td>
<td></td>
<td>0</td>
<td>com.source.it.jdbc.dao.GenericDaoImplTest@3cef309d</td></tr>
</table><p>
</body>
</html>