<?xml version="1.0" encoding="UTF-8"?>
<!-- Generated by org.testng.reporters.JUnitXMLReporter -->
<testsuite hostname="kblyumkin2-wf.local" name="GenericDaoImpl(User/UserRole/Item/Order) + UserManager tests" tests="21" failures="0" timestamp="24 Jun 2017 12:04:08 GMT" time="0.598" errors="0">
  <testcase name="testReadUnexistingUser" time="0.003" classname="com.source.it.jdbc.dao.GenericDaoImplTest"/>
  <testcase name="testWriteNewUser" time="0.003" classname="com.source.it.jdbc.dao.GenericDaoImplTest"/>
  <testcase name="testReadExistingUser" time="0.002" classname="com.source.it.jdbc.dao.GenericDaoImplTest"/>
  <testcase name="testUpdateUser" time="0.003" classname="com.source.it.jdbc.dao.GenericDaoImplTest"/>
  <testcase name="testDeleteUser" time="0.003" classname="com.source.it.jdbc.dao.GenericDaoImplTest"/>
  <testcase name="testGetUserByLogin" time="0.002" classname="com.source.it.jdbc.manager.UserDaoManagerTest"/>
  <testcase name="testGetUserByLoginForUnexistingUser" time="0.001" classname="com.source.it.jdbc.manager.UserDaoManagerTest"/>
  <testcase name="testGenerateCreateSqlForUser" time="0.0" classname="com.source.it.utils.SqlGeneratorUtilsTest"/>
  <testcase name="testGenerateDeleteSqlForUser" time="0.0" classname="com.source.it.utils.SqlGeneratorUtilsTest"/>
  <testcase name="testGenerateSelectSqlForItem" time="0.001" classname="com.source.it.utils.SqlGeneratorUtilsTest"/>
  <testcase name="testGenerateSelectSqlForItemType" time="0.0" classname="com.source.it.utils.SqlGeneratorUtilsTest"/>
  <testcase name="testGenerateSelectSqlForUser" time="0.0" classname="com.source.it.utils.SqlGeneratorUtilsTest"/>
  <testcase name="testGenerateSelectSqlForWarrantyPeriod" time="0.0" classname="com.source.it.utils.SqlGeneratorUtilsTest"/>
  <testcase name="testGenerateUserUpdateSql" time="0.0" classname="com.source.it.utils.SqlGeneratorUtilsTest"/>
  <testcase name="testCreateItem" time="0.002" classname="com.source.it.jdbc.dao.GenericDaoImplItemTest"/>
  <testcase name="testReadExistingItem" time="0.005" classname="com.source.it.jdbc.dao.GenericDaoImplItemTest"/>
  <testcase name="testUpdateItem" time="0.005" classname="com.source.it.jdbc.dao.GenericDaoImplItemTest"/>
  <testcase name="testDeleteItem" time="0.007" classname="com.source.it.jdbc.dao.GenericDaoImplItemTest"/>
  <testcase name="testCreateOrder" time="0.001" classname="com.source.it.jdbc.dao.GenericDaoImplOrderTest"/>
  <testcase name="testUpdateOrder" time="0.068" classname="com.source.it.jdbc.dao.GenericDaoImplOrderTest"/>
  <testcase name="testDeleteItem" time="0.077" classname="com.source.it.jdbc.dao.GenericDaoImplOrderTest"/>
</testsuite> <!-- GenericDaoImpl(User/UserRole/Item/Order) + UserManager tests -->
