<?xml version="1.0" encoding="UTF-8"?>
<!-- Generated by org.testng.reporters.JUnitReportReporter -->
<testsuite hostname="kblyumkin2-wf.local" name="com.source.it.utils.SqlGeneratorUtilsTest" tests="7" failures="0" timestamp="28 Jun 2017 17:31:07 GMT" time="0.002" errors="0">
  <testcase name="testGenerateDeleteSqlForUser" time="0.000" classname="com.source.it.utils.SqlGeneratorUtilsTest"/>
  <testcase name="testGenerateSelectSqlForItemType" time="0.000" classname="com.source.it.utils.SqlGeneratorUtilsTest"/>
  <testcase name="testGenerateCreateSqlForUser" time="0.000" classname="com.source.it.utils.SqlGeneratorUtilsTest"/>
  <testcase name="testGenerateSelectSqlForItem" time="0.001" classname="com.source.it.utils.SqlGeneratorUtilsTest"/>
  <testcase name="testGenerateSelectSqlForUser" time="0.000" classname="com.source.it.utils.SqlGeneratorUtilsTest"/>
  <testcase name="testGenerateSelectSqlForWarrantyPeriod" time="0.001" classname="com.source.it.utils.SqlGeneratorUtilsTest"/>
  <testcase name="testGenerateUserUpdateSql" time="0.000" classname="com.source.it.utils.SqlGeneratorUtilsTest"/>
</testsuite> <!-- com.source.it.utils.SqlGeneratorUtilsTest -->
